Drill report for Solar Cell offgrid Power.kicad_pcb
Created on 3/3/2023 1:32:37 PM

Copper Layer Stackup:
    =============================================================
    L1 :  F.Cu                      front
    L2 :  B.Cu                      back


Drill file 'Solar Cell offgrid Power-PTH.drl' contains
    plated through holes:
    =============================================================
    T1  0.400mm  0.0157"  (29 holes)
    T2  1.000mm  0.0394"  (20 holes)
    T3  1.100mm  0.0433"  (2 holes)
    T4  1.600mm  0.0630"  (4 holes)

    Total plated holes count 55


Drill file 'Solar Cell offgrid Power-NPTH.drl' contains
    unplated through holes:
    =============================================================
    T1  1.100mm  0.0433"  (2 holes)
    T2  3.200mm  0.1260"  (4 holes)

    Total unplated holes count 6
